<?xml version="1.0" encoding="UTF-8"?>
<!-- Generated by org.testng.reporters.JUnitReportReporter -->
<testsuite hostname="LP-HarshitNigam" name="jenkinsdemo.program" tests="1" failures="0" timestamp="30 Jul 2019 05:00:23 GMT" time="5.537" errors="0">
  <testcase name="ab" time="5.537" classname="jenkinsdemo.program"/>
</testsuite> <!-- jenkinsdemo.program -->
